<?xml version="1.0" encoding="UTF-8"?>
<!-- Generated by org.testng.reporters.JUnitXMLReporter -->
<testsuite ignored="0" hostname="LAPTOP-U4K9PGS3" failures="0" tests="3" name="tests" time="0.039" errors="0" timestamp="2023-04-07T08:05:34 IST">
  <testcase classname="com.sgtesting.tests.Users" name="method1" time="0.003"/>
  <testcase classname="com.sgtesting.tests.Users" name="method2" time="0.0"/>
  <testcase classname="com.sgtesting.tests.Users" name="method3" time="0.0"/>
</testsuite> <!-- tests -->
